
R version 4.0.3 (2020-10-10) -- "Bunny-Wunnies Freak Out"
Copyright (C) 2020 The R Foundation for Statistical Computing
Platform: x86_64-pc-linux-gnu (64-bit)

R is free software and comes with ABSOLUTELY NO WARRANTY.
You are welcome to redistribute it under certain conditions.
Type 'license()' or 'licence()' for distribution details.

  Natural language support but running in an English locale

R is a collaborative project with many contributors.
Type 'contributors()' for more information and
'citation()' on how to cite R or R packages in publications.

Type 'demo()' for some demos, 'help()' for on-line help, or
'help.start()' for an HTML browser interface to help.
Type 'q()' to quit R.

* Project '~/00projects/git/lambda-uncertainty' loaded. [renv 0.10.0]
> ############################
> # life expectancy models
> # author: sebastian daza
> ############################
> 
> # R < /home/s/sdaza/00projects/lambda/src/le_models.R > /home/s/sdaza/00projects/lambda/output/le_models.log  --no-save  &
> # R < src/02_le_models.R > output/log/02_le_models.log  --no-save  &
> 
> 
> # libraries, functions and options
> library(haven)
> library(data.table)
> library(stringr)
> library(brms)
> library(loo)
> library(future)
> plan(multiprocess, workers = 15)
> options(future.globals.maxSize = 8000 * 1024^2)
> 
> library(texreg)
> library(ggplot2)
> library(patchwork)
> source("src/utils.R")
> 
> # options(mc.cores = 30, scipen=999)
> # options(mc.cores = 10)
> slackr::slackr_setup(config_file = ".slackr")
[1] "Successfully connected to Slack"
> seed = 19380302
> set.seed(seed)
> 
> # read data
> sdat = readRDS("output/data/aggregate-data.rds")
> idat = readRDS("output/data/single-imputation.rds")
> timps = readRDS("output/data/imputations.rds")
> nsamples = length(timps)
> nimputations = 10
> timps = timps[1:nimputations]
> 
> # models 
> m1 = brm_multiple(wy_mean ~ log_gdp + (1 | ctry50), data = timps, 
+     iter = 4000, 
+     warmup = 1000, 
+     chains = 1, 
+     combine = FALSE)

SAMPLING FOR MODEL '4cf8a91a8cd4d9be88199149b322925d' NOW (CHAIN 1).
Chain 1: 
Chain 1: Gradient evaluation took 0 seconds
Chain 1: 1000 transitions using 10 leapfrog steps per transition would take 0 seconds.
Chain 1: Adjust your expectations accordingly!
Chain 1: 
Chain 1: 
Chain 1: Iteration:    1 / 4000 [  0%]  (Warmup)
Chain 1: Iteration:  400 / 4000 [ 10%]  (Warmup)
Chain 1: Iteration:  800 / 4000 [ 20%]  (Warmup)
Chain 1: Iteration: 1001 / 4000 [ 25%]  (Sampling)
Chain 1: Iteration: 1400 / 4000 [ 35%]  (Sampling)
Chain 1: Iteration: 1800 / 4000 [ 45%]  (Sampling)
Chain 1: Iteration: 2200 / 4000 [ 55%]  (Sampling)
Chain 1: Iteration: 2600 / 4000 [ 65%]  (Sampling)
Chain 1: Iteration: 3000 / 4000 [ 75%]  (Sampling)
Chain 1: Iteration: 3400 / 4000 [ 85%]  (Sampling)
Chain 1: Iteration: 3800 / 4000 [ 95%]  (Sampling)
Chain 1: Iteration: 4000 / 4000 [100%]  (Sampling)
Chain 1: 
Chain 1:  Elapsed Time: 4.11 seconds (Warm-up)
Chain 1:                9.77 seconds (Sampling)
Chain 1:                13.88 seconds (Total)
Chain 1: 

SAMPLING FOR MODEL '4cf8a91a8cd4d9be88199149b322925d' NOW (CHAIN 1).
Chain 1: 
Chain 1: Gradient evaluation took 0 seconds
Chain 1: 1000 transitions using 10 leapfrog steps per transition would take 0 seconds.
Chain 1: Adjust your expectations accordingly!
Chain 1: 
Chain 1: 
Chain 1: Iteration:    1 / 4000 [  0%]  (Warmup)
Chain 1: Iteration:  400 / 4000 [ 10%]  (Warmup)
Chain 1: Iteration:  800 / 4000 [ 20%]  (Warmup)
Chain 1: Iteration: 1001 / 4000 [ 25%]  (Sampling)
Chain 1: Iteration: 1400 / 4000 [ 35%]  (Sampling)
Chain 1: Iteration: 1800 / 4000 [ 45%]  (Sampling)
Chain 1: Iteration: 2200 / 4000 [ 55%]  (Sampling)
Chain 1: Iteration: 2600 / 4000 [ 65%]  (Sampling)
Chain 1: Iteration: 3000 / 4000 [ 75%]  (Sampling)
Chain 1: Iteration: 3400 / 4000 [ 85%]  (Sampling)
Chain 1: Iteration: 3800 / 4000 [ 95%]  (Sampling)
Chain 1: Iteration: 4000 / 4000 [100%]  (Sampling)
Chain 1: 
Chain 1:  Elapsed Time: 4 seconds (Warm-up)
Chain 1:                11.4 seconds (Sampling)
Chain 1:                15.4 seconds (Total)
Chain 1: 

SAMPLING FOR MODEL '4cf8a91a8cd4d9be88199149b322925d' NOW (CHAIN 1).
Chain 1: 
Chain 1: Gradient evaluation took 0 seconds
Chain 1: 1000 transitions using 10 leapfrog steps per transition would take 0 seconds.
Chain 1: Adjust your expectations accordingly!
Chain 1: 
Chain 1: 
Chain 1: Iteration:    1 / 4000 [  0%]  (Warmup)
Chain 1: Iteration:  400 / 4000 [ 10%]  (Warmup)
Chain 1: Iteration:  800 / 4000 [ 20%]  (Warmup)
Chain 1: Iteration: 1001 / 4000 [ 25%]  (Sampling)
Chain 1: Iteration: 1400 / 4000 [ 35%]  (Sampling)
Chain 1: Iteration: 1800 / 4000 [ 45%]  (Sampling)
Chain 1: Iteration: 2200 / 4000 [ 55%]  (Sampling)
Chain 1: Iteration: 2600 / 4000 [ 65%]  (Sampling)
Chain 1: Iteration: 3000 / 4000 [ 75%]  (Sampling)
Chain 1: Iteration: 3400 / 4000 [ 85%]  (Sampling)
Chain 1: Iteration: 3800 / 4000 [ 95%]  (Sampling)
Chain 1: Iteration: 4000 / 4000 [100%]  (Sampling)
Chain 1: 
Chain 1:  Elapsed Time: 3.9 seconds (Warm-up)
Chain 1:                11.98 seconds (Sampling)
Chain 1:                15.88 seconds (Total)
Chain 1: 

SAMPLING FOR MODEL '4cf8a91a8cd4d9be88199149b322925d' NOW (CHAIN 1).
Chain 1: 
Chain 1: Gradient evaluation took 0.01 seconds
Chain 1: 1000 transitions using 10 leapfrog steps per transition would take 100 seconds.
Chain 1: Adjust your expectations accordingly!
Chain 1: 
Chain 1: 
Chain 1: Iteration:    1 / 4000 [  0%]  (Warmup)
Chain 1: Iteration:  400 / 4000 [ 10%]  (Warmup)
Chain 1: Iteration:  800 / 4000 [ 20%]  (Warmup)
Chain 1: Iteration: 1001 / 4000 [ 25%]  (Sampling)
Chain 1: Iteration: 1400 / 4000 [ 35%]  (Sampling)
Chain 1: Iteration: 1800 / 4000 [ 45%]  (Sampling)
Chain 1: Iteration: 2200 / 4000 [ 55%]  (Sampling)
Chain 1: Iteration: 2600 / 4000 [ 65%]  (Sampling)
Chain 1: Iteration: 3000 / 4000 [ 75%]  (Sampling)
Chain 1: Iteration: 3400 / 4000 [ 85%]  (Sampling)
Chain 1: Iteration: 3800 / 4000 [ 95%]  (Sampling)
Chain 1: Iteration: 4000 / 4000 [100%]  (Sampling)
Chain 1: 
Chain 1:  Elapsed Time: 4.37 seconds (Warm-up)
Chain 1:                10.74 seconds (Sampling)
Chain 1:                15.11 seconds (Total)
Chain 1: 

SAMPLING FOR MODEL '4cf8a91a8cd4d9be88199149b322925d' NOW (CHAIN 1).
Chain 1: 
Chain 1: Gradient evaluation took 0 seconds
Chain 1: 1000 transitions using 10 leapfrog steps per transition would take 0 seconds.
Chain 1: Adjust your expectations accordingly!
Chain 1: 
Chain 1: 
Chain 1: Iteration:    1 / 4000 [  0%]  (Warmup)
Chain 1: Iteration:  400 / 4000 [ 10%]  (Warmup)
Chain 1: Iteration:  800 / 4000 [ 20%]  (Warmup)
Chain 1: Iteration: 1001 / 4000 [ 25%]  (Sampling)
Chain 1: Iteration: 1400 / 4000 [ 35%]  (Sampling)
Chain 1: Iteration: 1800 / 4000 [ 45%]  (Sampling)
Chain 1: Iteration: 2200 / 4000 [ 55%]  (Sampling)
Chain 1: Iteration: 2600 / 4000 [ 65%]  (Sampling)
Chain 1: Iteration: 3000 / 4000 [ 75%]  (Sampling)
Chain 1: Iteration: 3400 / 4000 [ 85%]  (Sampling)
Chain 1: Iteration: 3800 / 4000 [ 95%]  (Sampling)
Chain 1: Iteration: 4000 / 4000 [100%]  (Sampling)
Chain 1: 
Chain 1:  Elapsed Time: 3.48 seconds (Warm-up)
Chain 1:                10.8 seconds (Sampling)
Chain 1:                14.28 seconds (Total)
Chain 1: 

SAMPLING FOR MODEL '4cf8a91a8cd4d9be88199149b322925d' NOW (CHAIN 1).
Chain 1: 
Chain 1: Gradient evaluation took 0 seconds
Chain 1: 1000 transitions using 10 leapfrog steps per transition would take 0 seconds.
Chain 1: Adjust your expectations accordingly!
Chain 1: 
Chain 1: 
Chain 1: Iteration:    1 / 4000 [  0%]  (Warmup)
Chain 1: Iteration:  400 / 4000 [ 10%]  (Warmup)
Chain 1: Iteration:  800 / 4000 [ 20%]  (Warmup)
Chain 1: Iteration: 1001 / 4000 [ 25%]  (Sampling)
Chain 1: Iteration: 1400 / 4000 [ 35%]  (Sampling)
Chain 1: Iteration: 1800 / 4000 [ 45%]  (Sampling)
Chain 1: Iteration: 2200 / 4000 [ 55%]  (Sampling)
Chain 1: Iteration: 2600 / 4000 [ 65%]  (Sampling)
Chain 1: Iteration: 3000 / 4000 [ 75%]  (Sampling)
Chain 1: Iteration: 3400 / 4000 [ 85%]  (Sampling)
Chain 1: Iteration: 3800 / 4000 [ 95%]  (Sampling)
Chain 1: Iteration: 4000 / 4000 [100%]  (Sampling)
Chain 1: 
Chain 1:  Elapsed Time: 3.98 seconds (Warm-up)
Chain 1:                11.45 seconds (Sampling)
Chain 1:                15.43 seconds (Total)
Chain 1: 

SAMPLING FOR MODEL '4cf8a91a8cd4d9be88199149b322925d' NOW (CHAIN 1).
Chain 1: 
Chain 1: Gradient evaluation took 0 seconds
Chain 1: 1000 transitions using 10 leapfrog steps per transition would take 0 seconds.
Chain 1: Adjust your expectations accordingly!
Chain 1: 
Chain 1: 
Chain 1: Iteration:    1 / 4000 [  0%]  (Warmup)
Chain 1: Iteration:  400 / 4000 [ 10%]  (Warmup)
Chain 1: Iteration:  800 / 4000 [ 20%]  (Warmup)
Chain 1: Iteration: 1001 / 4000 [ 25%]  (Sampling)
Chain 1: Iteration: 1400 / 4000 [ 35%]  (Sampling)
Chain 1: Iteration: 1800 / 4000 [ 45%]  (Sampling)
Chain 1: Iteration: 2200 / 4000 [ 55%]  (Sampling)
Chain 1: Iteration: 2600 / 4000 [ 65%]  (Sampling)
Chain 1: Iteration: 3000 / 4000 [ 75%]  (Sampling)
Chain 1: Iteration: 3400 / 4000 [ 85%]  (Sampling)
Chain 1: Iteration: 3800 / 4000 [ 95%]  (Sampling)
Chain 1: Iteration: 4000 / 4000 [100%]  (Sampling)
Chain 1: 
Chain 1:  Elapsed Time: 3.78 seconds (Warm-up)
Chain 1:                11.45 seconds (Sampling)
Chain 1:                15.23 seconds (Total)
Chain 1: 

SAMPLING FOR MODEL '4cf8a91a8cd4d9be88199149b322925d' NOW (CHAIN 1).
Chain 1: 
Chain 1: Gradient evaluation took 0 seconds
Chain 1: 1000 transitions using 10 leapfrog steps per transition would take 0 seconds.
Chain 1: Adjust your expectations accordingly!
Chain 1: 
Chain 1: 
Chain 1: Iteration:    1 / 4000 [  0%]  (Warmup)
Chain 1: Iteration:  400 / 4000 [ 10%]  (Warmup)
Chain 1: Iteration:  800 / 4000 [ 20%]  (Warmup)
Chain 1: Iteration: 1001 / 4000 [ 25%]  (Sampling)
Chain 1: Iteration: 1400 / 4000 [ 35%]  (Sampling)
Chain 1: Iteration: 1800 / 4000 [ 45%]  (Sampling)
Chain 1: Iteration: 2200 / 4000 [ 55%]  (Sampling)
Chain 1: Iteration: 2600 / 4000 [ 65%]  (Sampling)
Chain 1: Iteration: 3000 / 4000 [ 75%]  (Sampling)
Chain 1: Iteration: 3400 / 4000 [ 85%]  (Sampling)
Chain 1: Iteration: 3800 / 4000 [ 95%]  (Sampling)
Chain 1: Iteration: 4000 / 4000 [100%]  (Sampling)
Chain 1: 
Chain 1:  Elapsed Time: 3.68 seconds (Warm-up)
Chain 1:                11.25 seconds (Sampling)
Chain 1:                14.93 seconds (Total)
Chain 1: 

SAMPLING FOR MODEL '4cf8a91a8cd4d9be88199149b322925d' NOW (CHAIN 1).
Chain 1: 
Chain 1: Gradient evaluation took 0 seconds
Chain 1: 1000 transitions using 10 leapfrog steps per transition would take 0 seconds.
Chain 1: Adjust your expectations accordingly!
Chain 1: 
Chain 1: 
Chain 1: Iteration:    1 / 4000 [  0%]  (Warmup)
Chain 1: Iteration:  400 / 4000 [ 10%]  (Warmup)
Chain 1: Iteration:  800 / 4000 [ 20%]  (Warmup)
Chain 1: Iteration: 1001 / 4000 [ 25%]  (Sampling)
Chain 1: Iteration: 1400 / 4000 [ 35%]  (Sampling)
Chain 1: Iteration: 1800 / 4000 [ 45%]  (Sampling)
Chain 1: Iteration: 2200 / 4000 [ 55%]  (Sampling)
Chain 1: Iteration: 2600 / 4000 [ 65%]  (Sampling)
Chain 1: Iteration: 3000 / 4000 [ 75%]  (Sampling)
Chain 1: Iteration: 3400 / 4000 [ 85%]  (Sampling)
Chain 1: Iteration: 3800 / 4000 [ 95%]  (Sampling)
Chain 1: Iteration: 4000 / 4000 [100%]  (Sampling)
Chain 1: 
Chain 1:  Elapsed Time: 4.1 seconds (Warm-up)
Chain 1:                10.78 seconds (Sampling)
Chain 1:                14.88 seconds (Total)
Chain 1: 

SAMPLING FOR MODEL '4cf8a91a8cd4d9be88199149b322925d' NOW (CHAIN 1).
Chain 1: 
Chain 1: Gradient evaluation took 0 seconds
Chain 1: 1000 transitions using 10 leapfrog steps per transition would take 0 seconds.
Chain 1: Adjust your expectations accordingly!
Chain 1: 
Chain 1: 
Chain 1: Iteration:    1 / 4000 [  0%]  (Warmup)
Chain 1: Iteration:  400 / 4000 [ 10%]  (Warmup)
Chain 1: Iteration:  800 / 4000 [ 20%]  (Warmup)
Chain 1: Iteration: 1001 / 4000 [ 25%]  (Sampling)
Chain 1: Iteration: 1400 / 4000 [ 35%]  (Sampling)
Chain 1: Iteration: 1800 / 4000 [ 45%]  (Sampling)
Chain 1: Iteration: 2200 / 4000 [ 55%]  (Sampling)
Chain 1: Iteration: 2600 / 4000 [ 65%]  (Sampling)
Chain 1: Iteration: 3000 / 4000 [ 75%]  (Sampling)
Chain 1: Iteration: 3400 / 4000 [ 85%]  (Sampling)
Chain 1: Iteration: 3800 / 4000 [ 95%]  (Sampling)
Chain 1: Iteration: 4000 / 4000 [100%]  (Sampling)
Chain 1: 
Chain 1:  Elapsed Time: 3.95 seconds (Warm-up)
Chain 1:                8.59 seconds (Sampling)
Chain 1:                12.54 seconds (Total)
Chain 1: 
> 
> m2 = brm_multiple(wy_mean ~ log_gdp + (log_gdp | ctry50), data = timps, 
+     iter = 4000, 
+     warmup = 1000, 
+     chains = 1, 
+     combine = FALSE)

SAMPLING FOR MODEL 'e6afa5b426f83c31b0d3110850f92e98' NOW (CHAIN 1).
Chain 1: 
Chain 1: Gradient evaluation took 0 seconds
Chain 1: 1000 transitions using 10 leapfrog steps per transition would take 0 seconds.
Chain 1: Adjust your expectations accordingly!
Chain 1: 
Chain 1: 
Chain 1: Iteration:    1 / 4000 [  0%]  (Warmup)
Chain 1: Iteration:  400 / 4000 [ 10%]  (Warmup)
Chain 1: Iteration:  800 / 4000 [ 20%]  (Warmup)
Chain 1: Iteration: 1001 / 4000 [ 25%]  (Sampling)
Chain 1: Iteration: 1400 / 4000 [ 35%]  (Sampling)
Chain 1: Iteration: 1800 / 4000 [ 45%]  (Sampling)
Chain 1: Iteration: 2200 / 4000 [ 55%]  (Sampling)
Chain 1: Iteration: 2600 / 4000 [ 65%]  (Sampling)
Chain 1: Iteration: 3000 / 4000 [ 75%]  (Sampling)
Chain 1: Iteration: 3400 / 4000 [ 85%]  (Sampling)
Chain 1: Iteration: 3800 / 4000 [ 95%]  (Sampling)
Chain 1: Iteration: 4000 / 4000 [100%]  (Sampling)
Chain 1: 
Chain 1:  Elapsed Time: 18.8 seconds (Warm-up)
Chain 1:                42.74 seconds (Sampling)
Chain 1:                61.54 seconds (Total)
Chain 1: 

SAMPLING FOR MODEL 'e6afa5b426f83c31b0d3110850f92e98' NOW (CHAIN 1).
Chain 1: 
Chain 1: Gradient evaluation took 0 seconds
Chain 1: 1000 transitions using 10 leapfrog steps per transition would take 0 seconds.
Chain 1: Adjust your expectations accordingly!
Chain 1: 
Chain 1: 
Chain 1: Iteration:    1 / 4000 [  0%]  (Warmup)
Chain 1: Iteration:  400 / 4000 [ 10%]  (Warmup)
Chain 1: Iteration:  800 / 4000 [ 20%]  (Warmup)
Chain 1: Iteration: 1001 / 4000 [ 25%]  (Sampling)
Chain 1: Iteration: 1400 / 4000 [ 35%]  (Sampling)
Chain 1: Iteration: 1800 / 4000 [ 45%]  (Sampling)
Chain 1: Iteration: 2200 / 4000 [ 55%]  (Sampling)
Chain 1: Iteration: 2600 / 4000 [ 65%]  (Sampling)
Chain 1: Iteration: 3000 / 4000 [ 75%]  (Sampling)
Chain 1: Iteration: 3400 / 4000 [ 85%]  (Sampling)
Chain 1: Iteration: 3800 / 4000 [ 95%]  (Sampling)
Chain 1: Iteration: 4000 / 4000 [100%]  (Sampling)
Chain 1: 
Chain 1:  Elapsed Time: 18.81 seconds (Warm-up)
Chain 1:                44.16 seconds (Sampling)
Chain 1:                62.97 seconds (Total)
Chain 1: 

SAMPLING FOR MODEL 'e6afa5b426f83c31b0d3110850f92e98' NOW (CHAIN 1).
Chain 1: 
Chain 1: Gradient evaluation took 0 seconds
Chain 1: 1000 transitions using 10 leapfrog steps per transition would take 0 seconds.
Chain 1: Adjust your expectations accordingly!
Chain 1: 
Chain 1: 
Chain 1: Iteration:    1 / 4000 [  0%]  (Warmup)
Chain 1: Iteration:  400 / 4000 [ 10%]  (Warmup)
Chain 1: Iteration:  800 / 4000 [ 20%]  (Warmup)
Chain 1: Iteration: 1001 / 4000 [ 25%]  (Sampling)
Chain 1: Iteration: 1400 / 4000 [ 35%]  (Sampling)
Chain 1: Iteration: 1800 / 4000 [ 45%]  (Sampling)
Chain 1: Iteration: 2200 / 4000 [ 55%]  (Sampling)
Chain 1: Iteration: 2600 / 4000 [ 65%]  (Sampling)
Chain 1: Iteration: 3000 / 4000 [ 75%]  (Sampling)
Chain 1: Iteration: 3400 / 4000 [ 85%]  (Sampling)
Chain 1: Iteration: 3800 / 4000 [ 95%]  (Sampling)
Chain 1: Iteration: 4000 / 4000 [100%]  (Sampling)
Chain 1: 
Chain 1:  Elapsed Time: 19.35 seconds (Warm-up)
Chain 1:                41.92 seconds (Sampling)
Chain 1:                61.27 seconds (Total)
Chain 1: 

SAMPLING FOR MODEL 'e6afa5b426f83c31b0d3110850f92e98' NOW (CHAIN 1).
Chain 1: 
Chain 1: Gradient evaluation took 0 seconds
Chain 1: 1000 transitions using 10 leapfrog steps per transition would take 0 seconds.
Chain 1: Adjust your expectations accordingly!
Chain 1: 
Chain 1: 
Chain 1: Iteration:    1 / 4000 [  0%]  (Warmup)
Chain 1: Iteration:  400 / 4000 [ 10%]  (Warmup)
Chain 1: Iteration:  800 / 4000 [ 20%]  (Warmup)
Chain 1: Iteration: 1001 / 4000 [ 25%]  (Sampling)
Chain 1: Iteration: 1400 / 4000 [ 35%]  (Sampling)
Chain 1: Iteration: 1800 / 4000 [ 45%]  (Sampling)
Chain 1: Iteration: 2200 / 4000 [ 55%]  (Sampling)
Chain 1: Iteration: 2600 / 4000 [ 65%]  (Sampling)
Chain 1: Iteration: 3000 / 4000 [ 75%]  (Sampling)
Chain 1: Iteration: 3400 / 4000 [ 85%]  (Sampling)
Chain 1: Iteration: 3800 / 4000 [ 95%]  (Sampling)
Chain 1: Iteration: 4000 / 4000 [100%]  (Sampling)
Chain 1: 
Chain 1:  Elapsed Time: 19.94 seconds (Warm-up)
Chain 1:                42.53 seconds (Sampling)
Chain 1:                62.47 seconds (Total)
Chain 1: 

SAMPLING FOR MODEL 'e6afa5b426f83c31b0d3110850f92e98' NOW (CHAIN 1).
Chain 1: 
Chain 1: Gradient evaluation took 0 seconds
Chain 1: 1000 transitions using 10 leapfrog steps per transition would take 0 seconds.
Chain 1: Adjust your expectations accordingly!
Chain 1: 
Chain 1: 
Chain 1: Iteration:    1 / 4000 [  0%]  (Warmup)
Chain 1: Iteration:  400 / 4000 [ 10%]  (Warmup)
Chain 1: Iteration:  800 / 4000 [ 20%]  (Warmup)
Chain 1: Iteration: 1001 / 4000 [ 25%]  (Sampling)
Chain 1: Iteration: 1400 / 4000 [ 35%]  (Sampling)
Chain 1: Iteration: 1800 / 4000 [ 45%]  (Sampling)
Chain 1: Iteration: 2200 / 4000 [ 55%]  (Sampling)
Chain 1: Iteration: 2600 / 4000 [ 65%]  (Sampling)
Chain 1: Iteration: 3000 / 4000 [ 75%]  (Sampling)
Chain 1: Iteration: 3400 / 4000 [ 85%]  (Sampling)
Chain 1: Iteration: 3800 / 4000 [ 95%]  (Sampling)
Chain 1: Iteration: 4000 / 4000 [100%]  (Sampling)
Chain 1: 
Chain 1:  Elapsed Time: 20.45 seconds (Warm-up)
Chain 1:                42.4 seconds (Sampling)
Chain 1:                62.85 seconds (Total)
Chain 1: 

SAMPLING FOR MODEL 'e6afa5b426f83c31b0d3110850f92e98' NOW (CHAIN 1).
Chain 1: 
Chain 1: Gradient evaluation took 0 seconds
Chain 1: 1000 transitions using 10 leapfrog steps per transition would take 0 seconds.
Chain 1: Adjust your expectations accordingly!
Chain 1: 
Chain 1: 
Chain 1: Iteration:    1 / 4000 [  0%]  (Warmup)
Chain 1: Iteration:  400 / 4000 [ 10%]  (Warmup)
Chain 1: Iteration:  800 / 4000 [ 20%]  (Warmup)
Chain 1: Iteration: 1001 / 4000 [ 25%]  (Sampling)
Chain 1: Iteration: 1400 / 4000 [ 35%]  (Sampling)
Chain 1: Iteration: 1800 / 4000 [ 45%]  (Sampling)
Chain 1: Iteration: 2200 / 4000 [ 55%]  (Sampling)
Chain 1: Iteration: 2600 / 4000 [ 65%]  (Sampling)
Chain 1: Iteration: 3000 / 4000 [ 75%]  (Sampling)
Chain 1: Iteration: 3400 / 4000 [ 85%]  (Sampling)
Chain 1: Iteration: 3800 / 4000 [ 95%]  (Sampling)
Chain 1: Iteration: 4000 / 4000 [100%]  (Sampling)
Chain 1: 
Chain 1:  Elapsed Time: 19.57 seconds (Warm-up)
Chain 1:                43.07 seconds (Sampling)
Chain 1:                62.64 seconds (Total)
Chain 1: 

SAMPLING FOR MODEL 'e6afa5b426f83c31b0d3110850f92e98' NOW (CHAIN 1).
Chain 1: 
Chain 1: Gradient evaluation took 0 seconds
Chain 1: 1000 transitions using 10 leapfrog steps per transition would take 0 seconds.
Chain 1: Adjust your expectations accordingly!
Chain 1: 
Chain 1: 
Chain 1: Iteration:    1 / 4000 [  0%]  (Warmup)
Chain 1: Iteration:  400 / 4000 [ 10%]  (Warmup)
Chain 1: Iteration:  800 / 4000 [ 20%]  (Warmup)
Chain 1: Iteration: 1001 / 4000 [ 25%]  (Sampling)
Chain 1: Iteration: 1400 / 4000 [ 35%]  (Sampling)
Chain 1: Iteration: 1800 / 4000 [ 45%]  (Sampling)
Chain 1: Iteration: 2200 / 4000 [ 55%]  (Sampling)
Chain 1: Iteration: 2600 / 4000 [ 65%]  (Sampling)
Chain 1: Iteration: 3000 / 4000 [ 75%]  (Sampling)
Chain 1: Iteration: 3400 / 4000 [ 85%]  (Sampling)
Chain 1: Iteration: 3800 / 4000 [ 95%]  (Sampling)
Chain 1: Iteration: 4000 / 4000 [100%]  (Sampling)
Chain 1: 
Chain 1:  Elapsed Time: 19.94 seconds (Warm-up)
Chain 1:                46.57 seconds (Sampling)
Chain 1:                66.51 seconds (Total)
Chain 1: 

SAMPLING FOR MODEL 'e6afa5b426f83c31b0d3110850f92e98' NOW (CHAIN 1).
Chain 1: 
Chain 1: Gradient evaluation took 0 seconds
Chain 1: 1000 transitions using 10 leapfrog steps per transition would take 0 seconds.
Chain 1: Adjust your expectations accordingly!
Chain 1: 
Chain 1: 
Chain 1: Iteration:    1 / 4000 [  0%]  (Warmup)
Chain 1: Iteration:  400 / 4000 [ 10%]  (Warmup)
Chain 1: Iteration:  800 / 4000 [ 20%]  (Warmup)
Chain 1: Iteration: 1001 / 4000 [ 25%]  (Sampling)
Chain 1: Iteration: 1400 / 4000 [ 35%]  (Sampling)
Chain 1: Iteration: 1800 / 4000 [ 45%]  (Sampling)
Chain 1: Iteration: 2200 / 4000 [ 55%]  (Sampling)
Chain 1: Iteration: 2600 / 4000 [ 65%]  (Sampling)
Chain 1: Iteration: 3000 / 4000 [ 75%]  (Sampling)
Chain 1: Iteration: 3400 / 4000 [ 85%]  (Sampling)
Chain 1: Iteration: 3800 / 4000 [ 95%]  (Sampling)
Chain 1: Iteration: 4000 / 4000 [100%]  (Sampling)
Chain 1: 
Chain 1:  Elapsed Time: 19.81 seconds (Warm-up)
Chain 1:                56.99 seconds (Sampling)
Chain 1:                76.8 seconds (Total)
Chain 1: 

SAMPLING FOR MODEL 'e6afa5b426f83c31b0d3110850f92e98' NOW (CHAIN 1).
Chain 1: 
Chain 1: Gradient evaluation took 0 seconds
Chain 1: 1000 transitions using 10 leapfrog steps per transition would take 0 seconds.
Chain 1: Adjust your expectations accordingly!
Chain 1: 
Chain 1: 
Chain 1: Iteration:    1 / 4000 [  0%]  (Warmup)
Chain 1: Iteration:  400 / 4000 [ 10%]  (Warmup)
Chain 1: Iteration:  800 / 4000 [ 20%]  (Warmup)
Chain 1: Iteration: 1001 / 4000 [ 25%]  (Sampling)
Chain 1: Iteration: 1400 / 4000 [ 35%]  (Sampling)
Chain 1: Iteration: 1800 / 4000 [ 45%]  (Sampling)
Chain 1: Iteration: 2200 / 4000 [ 55%]  (Sampling)
Chain 1: Iteration: 2600 / 4000 [ 65%]  (Sampling)
Chain 1: Iteration: 3000 / 4000 [ 75%]  (Sampling)
Chain 1: Iteration: 3400 / 4000 [ 85%]  (Sampling)
Chain 1: Iteration: 3800 / 4000 [ 95%]  (Sampling)
Chain 1: Iteration: 4000 / 4000 [100%]  (Sampling)
Chain 1: 
Chain 1:  Elapsed Time: 19.2 seconds (Warm-up)
Chain 1:                41.47 seconds (Sampling)
Chain 1:                60.67 seconds (Total)
Chain 1: 

SAMPLING FOR MODEL 'e6afa5b426f83c31b0d3110850f92e98' NOW (CHAIN 1).
Chain 1: 
Chain 1: Gradient evaluation took 0 seconds
Chain 1: 1000 transitions using 10 leapfrog steps per transition would take 0 seconds.
Chain 1: Adjust your expectations accordingly!
Chain 1: 
Chain 1: 
Chain 1: Iteration:    1 / 4000 [  0%]  (Warmup)
Chain 1: Iteration:  400 / 4000 [ 10%]  (Warmup)
Chain 1: Iteration:  800 / 4000 [ 20%]  (Warmup)
Chain 1: Iteration: 1001 / 4000 [ 25%]  (Sampling)
Chain 1: Iteration: 1400 / 4000 [ 35%]  (Sampling)
Chain 1: Iteration: 1800 / 4000 [ 45%]  (Sampling)
Chain 1: Iteration: 2200 / 4000 [ 55%]  (Sampling)
Chain 1: Iteration: 2600 / 4000 [ 65%]  (Sampling)
Chain 1: Iteration: 3000 / 4000 [ 75%]  (Sampling)
Chain 1: Iteration: 3400 / 4000 [ 85%]  (Sampling)
Chain 1: Iteration: 3800 / 4000 [ 95%]  (Sampling)
Chain 1: Iteration: 4000 / 4000 [100%]  (Sampling)
Chain 1: 
Chain 1:  Elapsed Time: 19.22 seconds (Warm-up)
Chain 1:                45.32 seconds (Sampling)
Chain 1:                64.54 seconds (Total)
Chain 1: 
> 
> m3 = brm_multiple(wy_mean ~ log_gdp + zyear + (log_gdp | ctry50), data = timps, 
+     iter = 5000, 
+     warmup = 1000, 
+     chains = 1, 
+     control = list(max_treedepth = 15), 
+     combine = FALSE)

SAMPLING FOR MODEL 'e6afa5b426f83c31b0d3110850f92e98' NOW (CHAIN 1).
Chain 1: 
Chain 1: Gradient evaluation took 0 seconds
Chain 1: 1000 transitions using 10 leapfrog steps per transition would take 0 seconds.
Chain 1: Adjust your expectations accordingly!
Chain 1: 
Chain 1: 
Chain 1: Iteration:    1 / 5000 [  0%]  (Warmup)
Chain 1: Iteration:  500 / 5000 [ 10%]  (Warmup)
Chain 1: Iteration: 1000 / 5000 [ 20%]  (Warmup)
Chain 1: Iteration: 1001 / 5000 [ 20%]  (Sampling)
Chain 1: Iteration: 1500 / 5000 [ 30%]  (Sampling)
Chain 1: Iteration: 2000 / 5000 [ 40%]  (Sampling)
Chain 1: Iteration: 2500 / 5000 [ 50%]  (Sampling)
Chain 1: Iteration: 3000 / 5000 [ 60%]  (Sampling)
Chain 1: Iteration: 3500 / 5000 [ 70%]  (Sampling)
Chain 1: Iteration: 4000 / 5000 [ 80%]  (Sampling)
Chain 1: Iteration: 4500 / 5000 [ 90%]  (Sampling)
Chain 1: Iteration: 5000 / 5000 [100%]  (Sampling)
Chain 1: 
Chain 1:  Elapsed Time: 41.53 seconds (Warm-up)
Chain 1:                136.25 seconds (Sampling)
Chain 1:                177.78 seconds (Total)
Chain 1: 

SAMPLING FOR MODEL 'e6afa5b426f83c31b0d3110850f92e98' NOW (CHAIN 1).
Chain 1: 
Chain 1: Gradient evaluation took 0 seconds
Chain 1: 1000 transitions using 10 leapfrog steps per transition would take 0 seconds.
Chain 1: Adjust your expectations accordingly!
Chain 1: 
Chain 1: 
Chain 1: Iteration:    1 / 5000 [  0%]  (Warmup)
Chain 1: Iteration:  500 / 5000 [ 10%]  (Warmup)
Chain 1: Iteration: 1000 / 5000 [ 20%]  (Warmup)
Chain 1: Iteration: 1001 / 5000 [ 20%]  (Sampling)
Chain 1: Iteration: 1500 / 5000 [ 30%]  (Sampling)
Chain 1: Iteration: 2000 / 5000 [ 40%]  (Sampling)
Chain 1: Iteration: 2500 / 5000 [ 50%]  (Sampling)
Chain 1: Iteration: 3000 / 5000 [ 60%]  (Sampling)
Chain 1: Iteration: 3500 / 5000 [ 70%]  (Sampling)
Chain 1: Iteration: 4000 / 5000 [ 80%]  (Sampling)
Chain 1: Iteration: 4500 / 5000 [ 90%]  (Sampling)
Chain 1: Iteration: 5000 / 5000 [100%]  (Sampling)
Chain 1: 
Chain 1:  Elapsed Time: 46 seconds (Warm-up)
Chain 1:                138.5 seconds (Sampling)
Chain 1:                184.5 seconds (Total)
Chain 1: 

SAMPLING FOR MODEL 'e6afa5b426f83c31b0d3110850f92e98' NOW (CHAIN 1).
Chain 1: 
Chain 1: Gradient evaluation took 0 seconds
Chain 1: 1000 transitions using 10 leapfrog steps per transition would take 0 seconds.
Chain 1: Adjust your expectations accordingly!
Chain 1: 
Chain 1: 
Chain 1: Iteration:    1 / 5000 [  0%]  (Warmup)
Chain 1: Iteration:  500 / 5000 [ 10%]  (Warmup)
Chain 1: Iteration: 1000 / 5000 [ 20%]  (Warmup)
Chain 1: Iteration: 1001 / 5000 [ 20%]  (Sampling)
Chain 1: Iteration: 1500 / 5000 [ 30%]  (Sampling)
Chain 1: Iteration: 2000 / 5000 [ 40%]  (Sampling)
Chain 1: Iteration: 2500 / 5000 [ 50%]  (Sampling)
Chain 1: Iteration: 3000 / 5000 [ 60%]  (Sampling)
Chain 1: Iteration: 3500 / 5000 [ 70%]  (Sampling)
Chain 1: Iteration: 4000 / 5000 [ 80%]  (Sampling)
Chain 1: Iteration: 4500 / 5000 [ 90%]  (Sampling)
Chain 1: Iteration: 5000 / 5000 [100%]  (Sampling)
Chain 1: 
Chain 1:  Elapsed Time: 45.27 seconds (Warm-up)
Chain 1:                138.45 seconds (Sampling)
Chain 1:                183.72 seconds (Total)
Chain 1: 

SAMPLING FOR MODEL 'e6afa5b426f83c31b0d3110850f92e98' NOW (CHAIN 1).
Chain 1: 
Chain 1: Gradient evaluation took 0 seconds
Chain 1: 1000 transitions using 10 leapfrog steps per transition would take 0 seconds.
Chain 1: Adjust your expectations accordingly!
Chain 1: 
Chain 1: 
Chain 1: Iteration:    1 / 5000 [  0%]  (Warmup)
Chain 1: Iteration:  500 / 5000 [ 10%]  (Warmup)
Chain 1: Iteration: 1000 / 5000 [ 20%]  (Warmup)
Chain 1: Iteration: 1001 / 5000 [ 20%]  (Sampling)
Chain 1: Iteration: 1500 / 5000 [ 30%]  (Sampling)
Chain 1: Iteration: 2000 / 5000 [ 40%]  (Sampling)
Chain 1: Iteration: 2500 / 5000 [ 50%]  (Sampling)
Chain 1: Iteration: 3000 / 5000 [ 60%]  (Sampling)
Chain 1: Iteration: 3500 / 5000 [ 70%]  (Sampling)
Chain 1: Iteration: 4000 / 5000 [ 80%]  (Sampling)
Chain 1: Iteration: 4500 / 5000 [ 90%]  (Sampling)
Chain 1: Iteration: 5000 / 5000 [100%]  (Sampling)
Chain 1: 
Chain 1:  Elapsed Time: 41.63 seconds (Warm-up)
Chain 1:                132.4 seconds (Sampling)
Chain 1:                174.03 seconds (Total)
Chain 1: 

SAMPLING FOR MODEL 'e6afa5b426f83c31b0d3110850f92e98' NOW (CHAIN 1).
Chain 1: 
Chain 1: Gradient evaluation took 0 seconds
Chain 1: 1000 transitions using 10 leapfrog steps per transition would take 0 seconds.
Chain 1: Adjust your expectations accordingly!
Chain 1: 
Chain 1: 
Chain 1: Iteration:    1 / 5000 [  0%]  (Warmup)
Chain 1: Iteration:  500 / 5000 [ 10%]  (Warmup)
Chain 1: Iteration: 1000 / 5000 [ 20%]  (Warmup)
Chain 1: Iteration: 1001 / 5000 [ 20%]  (Sampling)
Chain 1: Iteration: 1500 / 5000 [ 30%]  (Sampling)
Chain 1: Iteration: 2000 / 5000 [ 40%]  (Sampling)
Chain 1: Iteration: 2500 / 5000 [ 50%]  (Sampling)
Chain 1: Iteration: 3000 / 5000 [ 60%]  (Sampling)
Chain 1: Iteration: 3500 / 5000 [ 70%]  (Sampling)
Chain 1: Iteration: 4000 / 5000 [ 80%]  (Sampling)
Chain 1: Iteration: 4500 / 5000 [ 90%]  (Sampling)
Chain 1: Iteration: 5000 / 5000 [100%]  (Sampling)
Chain 1: 
Chain 1:  Elapsed Time: 42.22 seconds (Warm-up)
Chain 1:                137.78 seconds (Sampling)
Chain 1:                180 seconds (Total)
Chain 1: 

SAMPLING FOR MODEL 'e6afa5b426f83c31b0d3110850f92e98' NOW (CHAIN 1).
Chain 1: 
Chain 1: Gradient evaluation took 0 seconds
Chain 1: 1000 transitions using 10 leapfrog steps per transition would take 0 seconds.
Chain 1: Adjust your expectations accordingly!
Chain 1: 
Chain 1: 
Chain 1: Iteration:    1 / 5000 [  0%]  (Warmup)
Chain 1: Iteration:  500 / 5000 [ 10%]  (Warmup)
Chain 1: Iteration: 1000 / 5000 [ 20%]  (Warmup)
Chain 1: Iteration: 1001 / 5000 [ 20%]  (Sampling)
Chain 1: Iteration: 1500 / 5000 [ 30%]  (Sampling)
Chain 1: Iteration: 2000 / 5000 [ 40%]  (Sampling)
Chain 1: Iteration: 2500 / 5000 [ 50%]  (Sampling)
Chain 1: Iteration: 3000 / 5000 [ 60%]  (Sampling)
Chain 1: Iteration: 3500 / 5000 [ 70%]  (Sampling)
Chain 1: Iteration: 4000 / 5000 [ 80%]  (Sampling)
Chain 1: Iteration: 4500 / 5000 [ 90%]  (Sampling)
Chain 1: Iteration: 5000 / 5000 [100%]  (Sampling)
Chain 1: 
Chain 1:  Elapsed Time: 44.46 seconds (Warm-up)
Chain 1:                135.49 seconds (Sampling)
Chain 1:                179.95 seconds (Total)
Chain 1: 

SAMPLING FOR MODEL 'e6afa5b426f83c31b0d3110850f92e98' NOW (CHAIN 1).
Chain 1: 
Chain 1: Gradient evaluation took 0 seconds
Chain 1: 1000 transitions using 10 leapfrog steps per transition would take 0 seconds.
Chain 1: Adjust your expectations accordingly!
Chain 1: 
Chain 1: 
Chain 1: Iteration:    1 / 5000 [  0%]  (Warmup)
Chain 1: Iteration:  500 / 5000 [ 10%]  (Warmup)
Chain 1: Iteration: 1000 / 5000 [ 20%]  (Warmup)
Chain 1: Iteration: 1001 / 5000 [ 20%]  (Sampling)
Chain 1: Iteration: 1500 / 5000 [ 30%]  (Sampling)
Chain 1: Iteration: 2000 / 5000 [ 40%]  (Sampling)
Chain 1: Iteration: 2500 / 5000 [ 50%]  (Sampling)
Chain 1: Iteration: 3000 / 5000 [ 60%]  (Sampling)
Chain 1: Iteration: 3500 / 5000 [ 70%]  (Sampling)
Chain 1: Iteration: 4000 / 5000 [ 80%]  (Sampling)
Chain 1: Iteration: 4500 / 5000 [ 90%]  (Sampling)
Chain 1: Iteration: 5000 / 5000 [100%]  (Sampling)
Chain 1: 
Chain 1:  Elapsed Time: 42.84 seconds (Warm-up)
Chain 1:                140.33 seconds (Sampling)
Chain 1:                183.17 seconds (Total)
Chain 1: 

SAMPLING FOR MODEL 'e6afa5b426f83c31b0d3110850f92e98' NOW (CHAIN 1).
Chain 1: 
Chain 1: Gradient evaluation took 0 seconds
Chain 1: 1000 transitions using 10 leapfrog steps per transition would take 0 seconds.
Chain 1: Adjust your expectations accordingly!
Chain 1: 
Chain 1: 
Chain 1: Iteration:    1 / 5000 [  0%]  (Warmup)
Chain 1: Iteration:  500 / 5000 [ 10%]  (Warmup)
Chain 1: Iteration: 1000 / 5000 [ 20%]  (Warmup)
Chain 1: Iteration: 1001 / 5000 [ 20%]  (Sampling)
Chain 1: Iteration: 1500 / 5000 [ 30%]  (Sampling)
Chain 1: Iteration: 2000 / 5000 [ 40%]  (Sampling)
Chain 1: Iteration: 2500 / 5000 [ 50%]  (Sampling)
Chain 1: Iteration: 3000 / 5000 [ 60%]  (Sampling)
Chain 1: Iteration: 3500 / 5000 [ 70%]  (Sampling)
Chain 1: Iteration: 4000 / 5000 [ 80%]  (Sampling)
Chain 1: Iteration: 4500 / 5000 [ 90%]  (Sampling)
Chain 1: Iteration: 5000 / 5000 [100%]  (Sampling)
Chain 1: 
Chain 1:  Elapsed Time: 40.83 seconds (Warm-up)
Chain 1:                127.92 seconds (Sampling)
Chain 1:                168.75 seconds (Total)
Chain 1: 

SAMPLING FOR MODEL 'e6afa5b426f83c31b0d3110850f92e98' NOW (CHAIN 1).
Chain 1: 
Chain 1: Gradient evaluation took 0 seconds
Chain 1: 1000 transitions using 10 leapfrog steps per transition would take 0 seconds.
Chain 1: Adjust your expectations accordingly!
Chain 1: 
Chain 1: 
Chain 1: Iteration:    1 / 5000 [  0%]  (Warmup)
Chain 1: Iteration:  500 / 5000 [ 10%]  (Warmup)
Chain 1: Iteration: 1000 / 5000 [ 20%]  (Warmup)
Chain 1: Iteration: 1001 / 5000 [ 20%]  (Sampling)
Chain 1: Iteration: 1500 / 5000 [ 30%]  (Sampling)
Chain 1: Iteration: 2000 / 5000 [ 40%]  (Sampling)
Chain 1: Iteration: 2500 / 5000 [ 50%]  (Sampling)
Chain 1: Iteration: 3000 / 5000 [ 60%]  (Sampling)
Chain 1: Iteration: 3500 / 5000 [ 70%]  (Sampling)
Chain 1: Iteration: 4000 / 5000 [ 80%]  (Sampling)
Chain 1: Iteration: 4500 / 5000 [ 90%]  (Sampling)
Chain 1: Iteration: 5000 / 5000 [100%]  (Sampling)
Chain 1: 
Chain 1:  Elapsed Time: 43.3 seconds (Warm-up)
Chain 1:                136.71 seconds (Sampling)
Chain 1:                180.01 seconds (Total)
Chain 1: 

SAMPLING FOR MODEL 'e6afa5b426f83c31b0d3110850f92e98' NOW (CHAIN 1).
Chain 1: 
Chain 1: Gradient evaluation took 0 seconds
Chain 1: 1000 transitions using 10 leapfrog steps per transition would take 0 seconds.
Chain 1: Adjust your expectations accordingly!
Chain 1: 
Chain 1: 
Chain 1: Iteration:    1 / 5000 [  0%]  (Warmup)
Chain 1: Iteration:  500 / 5000 [ 10%]  (Warmup)
Chain 1: Iteration: 1000 / 5000 [ 20%]  (Warmup)
Chain 1: Iteration: 1001 / 5000 [ 20%]  (Sampling)
Chain 1: Iteration: 1500 / 5000 [ 30%]  (Sampling)
Chain 1: Iteration: 2000 / 5000 [ 40%]  (Sampling)
Chain 1: Iteration: 2500 / 5000 [ 50%]  (Sampling)
Chain 1: Iteration: 3000 / 5000 [ 60%]  (Sampling)
Chain 1: Iteration: 3500 / 5000 [ 70%]  (Sampling)
Chain 1: Iteration: 4000 / 5000 [ 80%]  (Sampling)
Chain 1: Iteration: 4500 / 5000 [ 90%]  (Sampling)
Chain 1: Iteration: 5000 / 5000 [100%]  (Sampling)
Chain 1: 
Chain 1:  Elapsed Time: 41.5 seconds (Warm-up)
Chain 1:                142.43 seconds (Sampling)
Chain 1:                183.93 seconds (Total)
Chain 1: 
> 
> m4 = brm_multiple(wy_mean ~ log_gdp + (1 | ctryear), data = timps, 
+     iter = 12000, 
+     warmup = 1000, 
+     chains = 1, 
+     combine = FALSE)

SAMPLING FOR MODEL '4cf8a91a8cd4d9be88199149b322925d' NOW (CHAIN 1).
Chain 1: 
Chain 1: Gradient evaluation took 0 seconds
Chain 1: 1000 transitions using 10 leapfrog steps per transition would take 0 seconds.
Chain 1: Adjust your expectations accordingly!
Chain 1: 
Chain 1: 
Chain 1: Iteration:     1 / 12000 [  0%]  (Warmup)
Chain 1: Iteration:  1001 / 12000 [  8%]  (Sampling)
Chain 1: Iteration:  2200 / 12000 [ 18%]  (Sampling)
Chain 1: Iteration:  3400 / 12000 [ 28%]  (Sampling)
Chain 1: Iteration:  4600 / 12000 [ 38%]  (Sampling)
Chain 1: Iteration:  5800 / 12000 [ 48%]  (Sampling)
Chain 1: Iteration:  7000 / 12000 [ 58%]  (Sampling)
Chain 1: Iteration:  8200 / 12000 [ 68%]  (Sampling)
Chain 1: Iteration:  9400 / 12000 [ 78%]  (Sampling)
Chain 1: Iteration: 10600 / 12000 [ 88%]  (Sampling)
Chain 1: Iteration: 11800 / 12000 [ 98%]  (Sampling)
Chain 1: Iteration: 12000 / 12000 [100%]  (Sampling)
Chain 1: 
Chain 1:  Elapsed Time: 2.94 seconds (Warm-up)
Chain 1:                20.31 seconds (Sampling)
Chain 1:                23.25 seconds (Total)
Chain 1: 

SAMPLING FOR MODEL '4cf8a91a8cd4d9be88199149b322925d' NOW (CHAIN 1).
Chain 1: 
Chain 1: Gradient evaluation took 0 seconds
Chain 1: 1000 transitions using 10 leapfrog steps per transition would take 0 seconds.
Chain 1: Adjust your expectations accordingly!
Chain 1: 
Chain 1: 
Chain 1: Iteration:     1 / 12000 [  0%]  (Warmup)
Chain 1: Iteration:  1001 / 12000 [  8%]  (Sampling)
Chain 1: Iteration:  2200 / 12000 [ 18%]  (Sampling)
Chain 1: Iteration:  3400 / 12000 [ 28%]  (Sampling)
Chain 1: Iteration:  4600 / 12000 [ 38%]  (Sampling)
Chain 1: Iteration:  5800 / 12000 [ 48%]  (Sampling)
Chain 1: Iteration:  7000 / 12000 [ 58%]  (Sampling)
Chain 1: Iteration:  8200 / 12000 [ 68%]  (Sampling)
Chain 1: Iteration:  9400 / 12000 [ 78%]  (Sampling)
Chain 1: Iteration: 10600 / 12000 [ 88%]  (Sampling)
Chain 1: Iteration: 11800 / 12000 [ 98%]  (Sampling)
Chain 1: Iteration: 12000 / 12000 [100%]  (Sampling)
Chain 1: 
Chain 1:  Elapsed Time: 2.87 seconds (Warm-up)
Chain 1:                26.15 seconds (Sampling)
Chain 1:                29.02 seconds (Total)
Chain 1: 

SAMPLING FOR MODEL '4cf8a91a8cd4d9be88199149b322925d' NOW (CHAIN 1).
Chain 1: 
Chain 1: Gradient evaluation took 0 seconds
Chain 1: 1000 transitions using 10 leapfrog steps per transition would take 0 seconds.
Chain 1: Adjust your expectations accordingly!
Chain 1: 
Chain 1: 
Chain 1: Iteration:     1 / 12000 [  0%]  (Warmup)
Chain 1: Iteration:  1001 / 12000 [  8%]  (Sampling)
Chain 1: Iteration:  2200 / 12000 [ 18%]  (Sampling)
Chain 1: Iteration:  3400 / 12000 [ 28%]  (Sampling)
Chain 1: Iteration:  4600 / 12000 [ 38%]  (Sampling)
Chain 1: Iteration:  5800 / 12000 [ 48%]  (Sampling)
Chain 1: Iteration:  7000 / 12000 [ 58%]  (Sampling)
Chain 1: Iteration:  8200 / 12000 [ 68%]  (Sampling)
Chain 1: Iteration:  9400 / 12000 [ 78%]  (Sampling)
Chain 1: Iteration: 10600 / 12000 [ 88%]  (Sampling)
Chain 1: Iteration: 11800 / 12000 [ 98%]  (Sampling)
Chain 1: Iteration: 12000 / 12000 [100%]  (Sampling)
Chain 1: 
Chain 1:  Elapsed Time: 3.03 seconds (Warm-up)
Chain 1:                30.73 seconds (Sampling)
Chain 1:                33.76 seconds (Total)
Chain 1: 

SAMPLING FOR MODEL '4cf8a91a8cd4d9be88199149b322925d' NOW (CHAIN 1).
Chain 1: 
Chain 1: Gradient evaluation took 0 seconds
Chain 1: 1000 transitions using 10 leapfrog steps per transition would take 0 seconds.
Chain 1: Adjust your expectations accordingly!
Chain 1: 
Chain 1: 
Chain 1: Iteration:     1 / 12000 [  0%]  (Warmup)
Chain 1: Iteration:  1001 / 12000 [  8%]  (Sampling)
Chain 1: Iteration:  2200 / 12000 [ 18%]  (Sampling)
Chain 1: Iteration:  3400 / 12000 [ 28%]  (Sampling)
Chain 1: Iteration:  4600 / 12000 [ 38%]  (Sampling)
Chain 1: Iteration:  5800 / 12000 [ 48%]  (Sampling)
Chain 1: Iteration:  7000 / 12000 [ 58%]  (Sampling)
Chain 1: Iteration:  8200 / 12000 [ 68%]  (Sampling)
Chain 1: Iteration:  9400 / 12000 [ 78%]  (Sampling)
Chain 1: Iteration: 10600 / 12000 [ 88%]  (Sampling)
Chain 1: Iteration: 11800 / 12000 [ 98%]  (Sampling)
Chain 1: Iteration: 12000 / 12000 [100%]  (Sampling)
Chain 1: 
Chain 1:  Elapsed Time: 2.75 seconds (Warm-up)
Chain 1:                20.38 seconds (Sampling)
Chain 1:                23.13 seconds (Total)
Chain 1: 

SAMPLING FOR MODEL '4cf8a91a8cd4d9be88199149b322925d' NOW (CHAIN 1).
Chain 1: 
Chain 1: Gradient evaluation took 0 seconds
Chain 1: 1000 transitions using 10 leapfrog steps per transition would take 0 seconds.
Chain 1: Adjust your expectations accordingly!
Chain 1: 
Chain 1: 
Chain 1: Iteration:     1 / 12000 [  0%]  (Warmup)
Chain 1: Iteration:  1001 / 12000 [  8%]  (Sampling)
Chain 1: Iteration:  2200 / 12000 [ 18%]  (Sampling)
Chain 1: Iteration:  3400 / 12000 [ 28%]  (Sampling)
Chain 1: Iteration:  4600 / 12000 [ 38%]  (Sampling)
Chain 1: Iteration:  5800 / 12000 [ 48%]  (Sampling)
Chain 1: Iteration:  7000 / 12000 [ 58%]  (Sampling)
Chain 1: Iteration:  8200 / 12000 [ 68%]  (Sampling)
Chain 1: Iteration:  9400 / 12000 [ 78%]  (Sampling)
Chain 1: Iteration: 10600 / 12000 [ 88%]  (Sampling)
Chain 1: Iteration: 11800 / 12000 [ 98%]  (Sampling)
Chain 1: Iteration: 12000 / 12000 [100%]  (Sampling)
Chain 1: 
Chain 1:  Elapsed Time: 3.13 seconds (Warm-up)
Chain 1:                19.72 seconds (Sampling)
Chain 1:                22.85 seconds (Total)
Chain 1: 

SAMPLING FOR MODEL '4cf8a91a8cd4d9be88199149b322925d' NOW (CHAIN 1).
Chain 1: 
Chain 1: Gradient evaluation took 0 seconds
Chain 1: 1000 transitions using 10 leapfrog steps per transition would take 0 seconds.
Chain 1: Adjust your expectations accordingly!
Chain 1: 
Chain 1: 
Chain 1: Iteration:     1 / 12000 [  0%]  (Warmup)
Chain 1: Iteration:  1001 / 12000 [  8%]  (Sampling)
Chain 1: Iteration:  2200 / 12000 [ 18%]  (Sampling)
Chain 1: Iteration:  3400 / 12000 [ 28%]  (Sampling)
Chain 1: Iteration:  4600 / 12000 [ 38%]  (Sampling)
Chain 1: Iteration:  5800 / 12000 [ 48%]  (Sampling)
Chain 1: Iteration:  7000 / 12000 [ 58%]  (Sampling)
Chain 1: Iteration:  8200 / 12000 [ 68%]  (Sampling)
Chain 1: Iteration:  9400 / 12000 [ 78%]  (Sampling)
Chain 1: Iteration: 10600 / 12000 [ 88%]  (Sampling)
Chain 1: Iteration: 11800 / 12000 [ 98%]  (Sampling)
Chain 1: Iteration: 12000 / 12000 [100%]  (Sampling)
Chain 1: 
Chain 1:  Elapsed Time: 3.49 seconds (Warm-up)
Chain 1:                25.66 seconds (Sampling)
Chain 1:                29.15 seconds (Total)
Chain 1: 

SAMPLING FOR MODEL '4cf8a91a8cd4d9be88199149b322925d' NOW (CHAIN 1).
Chain 1: 
Chain 1: Gradient evaluation took 0 seconds
Chain 1: 1000 transitions using 10 leapfrog steps per transition would take 0 seconds.
Chain 1: Adjust your expectations accordingly!
Chain 1: 
Chain 1: 
Chain 1: Iteration:     1 / 12000 [  0%]  (Warmup)
Chain 1: Iteration:  1001 / 12000 [  8%]  (Sampling)
Chain 1: Iteration:  2200 / 12000 [ 18%]  (Sampling)
Chain 1: Iteration:  3400 / 12000 [ 28%]  (Sampling)
Chain 1: Iteration:  4600 / 12000 [ 38%]  (Sampling)
Chain 1: Iteration:  5800 / 12000 [ 48%]  (Sampling)
Chain 1: Iteration:  7000 / 12000 [ 58%]  (Sampling)
Chain 1: Iteration:  8200 / 12000 [ 68%]  (Sampling)
Chain 1: Iteration:  9400 / 12000 [ 78%]  (Sampling)
Chain 1: Iteration: 10600 / 12000 [ 88%]  (Sampling)
Chain 1: Iteration: 11800 / 12000 [ 98%]  (Sampling)
Chain 1: Iteration: 12000 / 12000 [100%]  (Sampling)
Chain 1: 
Chain 1:  Elapsed Time: 2.76 seconds (Warm-up)
Chain 1:                19.47 seconds (Sampling)
Chain 1:                22.23 seconds (Total)
Chain 1: 

SAMPLING FOR MODEL '4cf8a91a8cd4d9be88199149b322925d' NOW (CHAIN 1).
Chain 1: 
Chain 1: Gradient evaluation took 0 seconds
Chain 1: 1000 transitions using 10 leapfrog steps per transition would take 0 seconds.
Chain 1: Adjust your expectations accordingly!
Chain 1: 
Chain 1: 
Chain 1: Iteration:     1 / 12000 [  0%]  (Warmup)
Chain 1: Iteration:  1001 / 12000 [  8%]  (Sampling)
Chain 1: Iteration:  2200 / 12000 [ 18%]  (Sampling)
Chain 1: Iteration:  3400 / 12000 [ 28%]  (Sampling)
Chain 1: Iteration:  4600 / 12000 [ 38%]  (Sampling)
Chain 1: Iteration:  5800 / 12000 [ 48%]  (Sampling)
Chain 1: Iteration:  7000 / 12000 [ 58%]  (Sampling)
Chain 1: Iteration:  8200 / 12000 [ 68%]  (Sampling)
Chain 1: Iteration:  9400 / 12000 [ 78%]  (Sampling)
Chain 1: Iteration: 10600 / 12000 [ 88%]  (Sampling)
Chain 1: Iteration: 11800 / 12000 [ 98%]  (Sampling)
Chain 1: Iteration: 12000 / 12000 [100%]  (Sampling)
Chain 1: 
Chain 1:  Elapsed Time: 2.94 seconds (Warm-up)
Chain 1:                22.77 seconds (Sampling)
Chain 1:                25.71 seconds (Total)
Chain 1: 

SAMPLING FOR MODEL '4cf8a91a8cd4d9be88199149b322925d' NOW (CHAIN 1).
Chain 1: 
Chain 1: Gradient evaluation took 0 seconds
Chain 1: 1000 transitions using 10 leapfrog steps per transition would take 0 seconds.
Chain 1: Adjust your expectations accordingly!
Chain 1: 
Chain 1: 
Chain 1: Iteration:     1 / 12000 [  0%]  (Warmup)
Chain 1: Iteration:  1001 / 12000 [  8%]  (Sampling)
Chain 1: Iteration:  2200 / 12000 [ 18%]  (Sampling)
Chain 1: Iteration:  3400 / 12000 [ 28%]  (Sampling)
Chain 1: Iteration:  4600 / 12000 [ 38%]  (Sampling)
Chain 1: Iteration:  5800 / 12000 [ 48%]  (Sampling)
Chain 1: Iteration:  7000 / 12000 [ 58%]  (Sampling)
Chain 1: Iteration:  8200 / 12000 [ 68%]  (Sampling)
Chain 1: Iteration:  9400 / 12000 [ 78%]  (Sampling)
Chain 1: Iteration: 10600 / 12000 [ 88%]  (Sampling)
Chain 1: Iteration: 11800 / 12000 [ 98%]  (Sampling)
Chain 1: Iteration: 12000 / 12000 [100%]  (Sampling)
Chain 1: 
Chain 1:  Elapsed Time: 2.94 seconds (Warm-up)
Chain 1:                19.85 seconds (Sampling)
Chain 1:                22.79 seconds (Total)
Chain 1: 

SAMPLING FOR MODEL '4cf8a91a8cd4d9be88199149b322925d' NOW (CHAIN 1).
Chain 1: 
Chain 1: Gradient evaluation took 0 seconds
Chain 1: 1000 transitions using 10 leapfrog steps per transition would take 0 seconds.
Chain 1: Adjust your expectations accordingly!
Chain 1: 
Chain 1: 
Chain 1: Iteration:     1 / 12000 [  0%]  (Warmup)
Chain 1: Iteration:  1001 / 12000 [  8%]  (Sampling)
Chain 1: Iteration:  2200 / 12000 [ 18%]  (Sampling)
Chain 1: Iteration:  3400 / 12000 [ 28%]  (Sampling)
Chain 1: Iteration:  4600 / 12000 [ 38%]  (Sampling)
Chain 1: Iteration:  5800 / 12000 [ 48%]  (Sampling)
Chain 1: Iteration:  7000 / 12000 [ 58%]  (Sampling)
Chain 1: Iteration:  8200 / 12000 [ 68%]  (Sampling)
Chain 1: Iteration:  9400 / 12000 [ 78%]  (Sampling)
Chain 1: Iteration: 10600 / 12000 [ 88%]  (Sampling)
Chain 1: Iteration: 11800 / 12000 [ 98%]  (Sampling)
Chain 1: Iteration: 12000 / 12000 [100%]  (Sampling)
Chain 1: 
Chain 1:  Elapsed Time: 3.51 seconds (Warm-up)
Chain 1:                20.16 seconds (Sampling)
Chain 1:                23.67 seconds (Total)
Chain 1: 
> 
> m5 = brm_multiple(wy_mean ~ log_gdp + (log_gdp | ctryear), data = timps, 
+     iter = 12000, 
+     warmup = 1000, 
+     chains = 1, 
+     control = list(max_treedepth = 15), 
+     combine = FALSE)

SAMPLING FOR MODEL 'e6afa5b426f83c31b0d3110850f92e98' NOW (CHAIN 1).
Chain 1: 
Chain 1: Gradient evaluation took 0 seconds
Chain 1: 1000 transitions using 10 leapfrog steps per transition would take 0 seconds.
Chain 1: Adjust your expectations accordingly!
Chain 1: 
Chain 1: 
Chain 1: Iteration:     1 / 12000 [  0%]  (Warmup)
Chain 1: Iteration:  1001 / 12000 [  8%]  (Sampling)
Chain 1: Iteration:  2200 / 12000 [ 18%]  (Sampling)
Chain 1: Iteration:  3400 / 12000 [ 28%]  (Sampling)
Chain 1: Iteration:  4600 / 12000 [ 38%]  (Sampling)
Chain 1: Iteration:  5800 / 12000 [ 48%]  (Sampling)
Chain 1: Iteration:  7000 / 12000 [ 58%]  (Sampling)
Chain 1: Iteration:  8200 / 12000 [ 68%]  (Sampling)
Chain 1: Iteration:  9400 / 12000 [ 78%]  (Sampling)
Chain 1: Iteration: 10600 / 12000 [ 88%]  (Sampling)
Chain 1: Iteration: 11800 / 12000 [ 98%]  (Sampling)
Chain 1: Iteration: 12000 / 12000 [100%]  (Sampling)
Chain 1: 
Chain 1:  Elapsed Time: 27.18 seconds (Warm-up)
Chain 1:                274.48 seconds (Sampling)
Chain 1:                301.66 seconds (Total)
Chain 1: 

SAMPLING FOR MODEL 'e6afa5b426f83c31b0d3110850f92e98' NOW (CHAIN 1).
Chain 1: 
Chain 1: Gradient evaluation took 0 seconds
Chain 1: 1000 transitions using 10 leapfrog steps per transition would take 0 seconds.
Chain 1: Adjust your expectations accordingly!
Chain 1: 
Chain 1: 
Chain 1: Iteration:     1 / 12000 [  0%]  (Warmup)
Chain 1: Iteration:  1001 / 12000 [  8%]  (Sampling)
Chain 1: Iteration:  2200 / 12000 [ 18%]  (Sampling)
Chain 1: Iteration:  3400 / 12000 [ 28%]  (Sampling)
Chain 1: Iteration:  4600 / 12000 [ 38%]  (Sampling)
Chain 1: Iteration:  5800 / 12000 [ 48%]  (Sampling)
Chain 1: Iteration:  7000 / 12000 [ 58%]  (Sampling)
Chain 1: Iteration:  8200 / 12000 [ 68%]  (Sampling)
Chain 1: Iteration:  9400 / 12000 [ 78%]  (Sampling)
Chain 1: Iteration: 10600 / 12000 [ 88%]  (Sampling)
Chain 1: Iteration: 11800 / 12000 [ 98%]  (Sampling)
Chain 1: Iteration: 12000 / 12000 [100%]  (Sampling)
Chain 1: 
Chain 1:  Elapsed Time: 29.56 seconds (Warm-up)
Chain 1:                257.62 seconds (Sampling)
Chain 1:                287.18 seconds (Total)
Chain 1: 

SAMPLING FOR MODEL 'e6afa5b426f83c31b0d3110850f92e98' NOW (CHAIN 1).
Chain 1: 
Chain 1: Gradient evaluation took 0.01 seconds
Chain 1: 1000 transitions using 10 leapfrog steps per transition would take 100 seconds.
Chain 1: Adjust your expectations accordingly!
Chain 1: 
Chain 1: 
Chain 1: Iteration:     1 / 12000 [  0%]  (Warmup)
Chain 1: Iteration:  1001 / 12000 [  8%]  (Sampling)
Chain 1: Iteration:  2200 / 12000 [ 18%]  (Sampling)
Chain 1: Iteration:  3400 / 12000 [ 28%]  (Sampling)
Chain 1: Iteration:  4600 / 12000 [ 38%]  (Sampling)
Chain 1: Iteration:  5800 / 12000 [ 48%]  (Sampling)
Chain 1: Iteration:  7000 / 12000 [ 58%]  (Sampling)
Chain 1: Iteration:  8200 / 12000 [ 68%]  (Sampling)
Chain 1: Iteration:  9400 / 12000 [ 78%]  (Sampling)
Chain 1: Iteration: 10600 / 12000 [ 88%]  (Sampling)
Chain 1: Iteration: 11800 / 12000 [ 98%]  (Sampling)
Chain 1: Iteration: 12000 / 12000 [100%]  (Sampling)
Chain 1: 
Chain 1:  Elapsed Time: 28.76 seconds (Warm-up)
Chain 1:                278.23 seconds (Sampling)
Chain 1:                306.99 seconds (Total)
Chain 1: 

SAMPLING FOR MODEL 'e6afa5b426f83c31b0d3110850f92e98' NOW (CHAIN 1).
Chain 1: 
Chain 1: Gradient evaluation took 0 seconds
Chain 1: 1000 transitions using 10 leapfrog steps per transition would take 0 seconds.
Chain 1: Adjust your expectations accordingly!
Chain 1: 
Chain 1: 
Chain 1: Iteration:     1 / 12000 [  0%]  (Warmup)
Chain 1: Iteration:  1001 / 12000 [  8%]  (Sampling)
Chain 1: Iteration:  2200 / 12000 [ 18%]  (Sampling)
Chain 1: Iteration:  3400 / 12000 [ 28%]  (Sampling)
Chain 1: Iteration:  4600 / 12000 [ 38%]  (Sampling)
Chain 1: Iteration:  5800 / 12000 [ 48%]  (Sampling)
Chain 1: Iteration:  7000 / 12000 [ 58%]  (Sampling)
Chain 1: Iteration:  8200 / 12000 [ 68%]  (Sampling)
Chain 1: Iteration:  9400 / 12000 [ 78%]  (Sampling)
Chain 1: Iteration: 10600 / 12000 [ 88%]  (Sampling)
Chain 1: Iteration: 11800 / 12000 [ 98%]  (Sampling)
Chain 1: Iteration: 12000 / 12000 [100%]  (Sampling)
Chain 1: 
Chain 1:  Elapsed Time: 30.18 seconds (Warm-up)
Chain 1:                177.69 seconds (Sampling)
Chain 1:                207.87 seconds (Total)
Chain 1: 

SAMPLING FOR MODEL 'e6afa5b426f83c31b0d3110850f92e98' NOW (CHAIN 1).
Chain 1: 
Chain 1: Gradient evaluation took 0 seconds
Chain 1: 1000 transitions using 10 leapfrog steps per transition would take 0 seconds.
Chain 1: Adjust your expectations accordingly!
Chain 1: 
Chain 1: 
Chain 1: Iteration:     1 / 12000 [  0%]  (Warmup)
Chain 1: Iteration:  1001 / 12000 [  8%]  (Sampling)
Chain 1: Iteration:  2200 / 12000 [ 18%]  (Sampling)
Chain 1: Iteration:  3400 / 12000 [ 28%]  (Sampling)
Chain 1: Iteration:  4600 / 12000 [ 38%]  (Sampling)
Chain 1: Iteration:  5800 / 12000 [ 48%]  (Sampling)
Chain 1: Iteration:  7000 / 12000 [ 58%]  (Sampling)
Chain 1: Iteration:  8200 / 12000 [ 68%]  (Sampling)
Chain 1: Iteration:  9400 / 12000 [ 78%]  (Sampling)
Chain 1: Iteration: 10600 / 12000 [ 88%]  (Sampling)
Chain 1: Iteration: 11800 / 12000 [ 98%]  (Sampling)
Chain 1: Iteration: 12000 / 12000 [100%]  (Sampling)
Chain 1: 
Chain 1:  Elapsed Time: 28.16 seconds (Warm-up)
Chain 1:                163.31 seconds (Sampling)
Chain 1:                191.47 seconds (Total)
Chain 1: 

SAMPLING FOR MODEL 'e6afa5b426f83c31b0d3110850f92e98' NOW (CHAIN 1).
Chain 1: 
Chain 1: Gradient evaluation took 0 seconds
Chain 1: 1000 transitions using 10 leapfrog steps per transition would take 0 seconds.
Chain 1: Adjust your expectations accordingly!
Chain 1: 
Chain 1: 
Chain 1: Iteration:     1 / 12000 [  0%]  (Warmup)
Chain 1: Iteration:  1001 / 12000 [  8%]  (Sampling)
Chain 1: Iteration:  2200 / 12000 [ 18%]  (Sampling)
Chain 1: Iteration:  3400 / 12000 [ 28%]  (Sampling)
Chain 1: Iteration:  4600 / 12000 [ 38%]  (Sampling)
Chain 1: Iteration:  5800 / 12000 [ 48%]  (Sampling)
Chain 1: Iteration:  7000 / 12000 [ 58%]  (Sampling)
Chain 1: Iteration:  8200 / 12000 [ 68%]  (Sampling)
Chain 1: Iteration:  9400 / 12000 [ 78%]  (Sampling)
Chain 1: Iteration: 10600 / 12000 [ 88%]  (Sampling)
Chain 1: Iteration: 11800 / 12000 [ 98%]  (Sampling)
Chain 1: Iteration: 12000 / 12000 [100%]  (Sampling)
Chain 1: 
Chain 1:  Elapsed Time: 28.05 seconds (Warm-up)
Chain 1:                165.48 seconds (Sampling)
Chain 1:                193.53 seconds (Total)
Chain 1: 

SAMPLING FOR MODEL 'e6afa5b426f83c31b0d3110850f92e98' NOW (CHAIN 1).
Chain 1: 
Chain 1: Gradient evaluation took 0 seconds
Chain 1: 1000 transitions using 10 leapfrog steps per transition would take 0 seconds.
Chain 1: Adjust your expectations accordingly!
Chain 1: 
Chain 1: 
Chain 1: Iteration:     1 / 12000 [  0%]  (Warmup)
Chain 1: Iteration:  1001 / 12000 [  8%]  (Sampling)
Chain 1: Iteration:  2200 / 12000 [ 18%]  (Sampling)
Chain 1: Iteration:  3400 / 12000 [ 28%]  (Sampling)
Chain 1: Iteration:  4600 / 12000 [ 38%]  (Sampling)
Chain 1: Iteration:  5800 / 12000 [ 48%]  (Sampling)
Chain 1: Iteration:  7000 / 12000 [ 58%]  (Sampling)
Chain 1: Iteration:  8200 / 12000 [ 68%]  (Sampling)
Chain 1: Iteration:  9400 / 12000 [ 78%]  (Sampling)
Chain 1: Iteration: 10600 / 12000 [ 88%]  (Sampling)
Chain 1: Iteration: 11800 / 12000 [ 98%]  (Sampling)
Chain 1: Iteration: 12000 / 12000 [100%]  (Sampling)
Chain 1: 
Chain 1:  Elapsed Time: 27.55 seconds (Warm-up)
Chain 1:                155.61 seconds (Sampling)
Chain 1:                183.16 seconds (Total)
Chain 1: 

SAMPLING FOR MODEL 'e6afa5b426f83c31b0d3110850f92e98' NOW (CHAIN 1).
Chain 1: 
Chain 1: Gradient evaluation took 0 seconds
Chain 1: 1000 transitions using 10 leapfrog steps per transition would take 0 seconds.
Chain 1: Adjust your expectations accordingly!
Chain 1: 
Chain 1: 
Chain 1: Iteration:     1 / 12000 [  0%]  (Warmup)
Chain 1: Iteration:  1001 / 12000 [  8%]  (Sampling)
Chain 1: Iteration:  2200 / 12000 [ 18%]  (Sampling)
Chain 1: Iteration:  3400 / 12000 [ 28%]  (Sampling)
Chain 1: Iteration:  4600 / 12000 [ 38%]  (Sampling)
Chain 1: Iteration:  5800 / 12000 [ 48%]  (Sampling)
Chain 1: Iteration:  7000 / 12000 [ 58%]  (Sampling)
Chain 1: Iteration:  8200 / 12000 [ 68%]  (Sampling)
Chain 1: Iteration:  9400 / 12000 [ 78%]  (Sampling)
Chain 1: Iteration: 10600 / 12000 [ 88%]  (Sampling)
Chain 1: Iteration: 11800 / 12000 [ 98%]  (Sampling)
Chain 1: Iteration: 12000 / 12000 [100%]  (Sampling)
Chain 1: 
Chain 1:  Elapsed Time: 28.38 seconds (Warm-up)
Chain 1:                300.51 seconds (Sampling)
Chain 1:                328.89 seconds (Total)
Chain 1: 

SAMPLING FOR MODEL 'e6afa5b426f83c31b0d3110850f92e98' NOW (CHAIN 1).
Chain 1: 
Chain 1: Gradient evaluation took 0 seconds
Chain 1: 1000 transitions using 10 leapfrog steps per transition would take 0 seconds.
Chain 1: Adjust your expectations accordingly!
Chain 1: 
Chain 1: 
Chain 1: Iteration:     1 / 12000 [  0%]  (Warmup)
Chain 1: Iteration:  1001 / 12000 [  8%]  (Sampling)
Chain 1: Iteration:  2200 / 12000 [ 18%]  (Sampling)
Chain 1: Iteration:  3400 / 12000 [ 28%]  (Sampling)
Chain 1: Iteration:  4600 / 12000 [ 38%]  (Sampling)
Chain 1: Iteration:  5800 / 12000 [ 48%]  (Sampling)
Chain 1: Iteration:  7000 / 12000 [ 58%]  (Sampling)
Chain 1: Iteration:  8200 / 12000 [ 68%]  (Sampling)
Chain 1: Iteration:  9400 / 12000 [ 78%]  (Sampling)
Chain 1: Iteration: 10600 / 12000 [ 88%]  (Sampling)
Chain 1: Iteration: 11800 / 12000 [ 98%]  (Sampling)
Chain 1: Iteration: 12000 / 12000 [100%]  (Sampling)
Chain 1: 
Chain 1:  Elapsed Time: 30.47 seconds (Warm-up)
Chain 1:                159.67 seconds (Sampling)
Chain 1:                190.14 seconds (Total)
Chain 1: 

SAMPLING FOR MODEL 'e6afa5b426f83c31b0d3110850f92e98' NOW (CHAIN 1).
Chain 1: 
Chain 1: Gradient evaluation took 0 seconds
Chain 1: 1000 transitions using 10 leapfrog steps per transition would take 0 seconds.
Chain 1: Adjust your expectations accordingly!
Chain 1: 
Chain 1: 
Chain 1: Iteration:     1 / 12000 [  0%]  (Warmup)
Chain 1: Iteration:  1001 / 12000 [  8%]  (Sampling)
Chain 1: Iteration:  2200 / 12000 [ 18%]  (Sampling)
Chain 1: Iteration:  3400 / 12000 [ 28%]  (Sampling)
Chain 1: Iteration:  4600 / 12000 [ 38%]  (Sampling)
Chain 1: Iteration:  5800 / 12000 [ 48%]  (Sampling)
Chain 1: Iteration:  7000 / 12000 [ 58%]  (Sampling)
Chain 1: Iteration:  8200 / 12000 [ 68%]  (Sampling)
Chain 1: Iteration:  9400 / 12000 [ 78%]  (Sampling)
Chain 1: Iteration: 10600 / 12000 [ 88%]  (Sampling)
Chain 1: Iteration: 11800 / 12000 [ 98%]  (Sampling)
Chain 1: Iteration: 12000 / 12000 [100%]  (Sampling)
Chain 1: 
Chain 1:  Elapsed Time: 27.75 seconds (Warm-up)
Chain 1:                253.3 seconds (Sampling)
Chain 1:                281.05 seconds (Total)
Chain 1: 
> 
> m6 = brm_multiple(wy_mean ~ log_gdp + zyear + (log_gdp | ctryear), data = timps, 
+     iter = 12000, 
+     warmup = 1000, 
+     chains = 1,
+     control = list(max_treedepth = 15), 
+     combine = FALSE)

SAMPLING FOR MODEL 'e6afa5b426f83c31b0d3110850f92e98' NOW (CHAIN 1).
Chain 1: 
Chain 1: Gradient evaluation took 0 seconds
Chain 1: 1000 transitions using 10 leapfrog steps per transition would take 0 seconds.
Chain 1: Adjust your expectations accordingly!
Chain 1: 
Chain 1: 
Chain 1: Iteration:     1 / 12000 [  0%]  (Warmup)
Chain 1: Iteration:  1001 / 12000 [  8%]  (Sampling)
Chain 1: Iteration:  2200 / 12000 [ 18%]  (Sampling)
Chain 1: Iteration:  3400 / 12000 [ 28%]  (Sampling)
Chain 1: Iteration:  4600 / 12000 [ 38%]  (Sampling)
Chain 1: Iteration:  5800 / 12000 [ 48%]  (Sampling)
Chain 1: Iteration:  7000 / 12000 [ 58%]  (Sampling)
Chain 1: Iteration:  8200 / 12000 [ 68%]  (Sampling)
Chain 1: Iteration:  9400 / 12000 [ 78%]  (Sampling)
Chain 1: Iteration: 10600 / 12000 [ 88%]  (Sampling)
Chain 1: Iteration: 11800 / 12000 [ 98%]  (Sampling)
Chain 1: Iteration: 12000 / 12000 [100%]  (Sampling)
Chain 1: 
Chain 1:  Elapsed Time: 38.09 seconds (Warm-up)
Chain 1:                199.77 seconds (Sampling)
Chain 1:                237.86 seconds (Total)
Chain 1: 

SAMPLING FOR MODEL 'e6afa5b426f83c31b0d3110850f92e98' NOW (CHAIN 1).
Chain 1: 
Chain 1: Gradient evaluation took 0 seconds
Chain 1: 1000 transitions using 10 leapfrog steps per transition would take 0 seconds.
Chain 1: Adjust your expectations accordingly!
Chain 1: 
Chain 1: 
Chain 1: Iteration:     1 / 12000 [  0%]  (Warmup)
Chain 1: Iteration:  1001 / 12000 [  8%]  (Sampling)
Chain 1: Iteration:  2200 / 12000 [ 18%]  (Sampling)
Chain 1: Iteration:  3400 / 12000 [ 28%]  (Sampling)
Chain 1: Iteration:  4600 / 12000 [ 38%]  (Sampling)
Chain 1: Iteration:  5800 / 12000 [ 48%]  (Sampling)
Chain 1: Iteration:  7000 / 12000 [ 58%]  (Sampling)
Chain 1: Iteration:  8200 / 12000 [ 68%]  (Sampling)
Chain 1: Iteration:  9400 / 12000 [ 78%]  (Sampling)
Chain 1: Iteration: 10600 / 12000 [ 88%]  (Sampling)
Chain 1: Iteration: 11800 / 12000 [ 98%]  (Sampling)
Chain 1: Iteration: 12000 / 12000 [100%]  (Sampling)
Chain 1: 
Chain 1:  Elapsed Time: 35.35 seconds (Warm-up)
Chain 1:                297.18 seconds (Sampling)
Chain 1:                332.53 seconds (Total)
Chain 1: 

SAMPLING FOR MODEL 'e6afa5b426f83c31b0d3110850f92e98' NOW (CHAIN 1).
Chain 1: 
Chain 1: Gradient evaluation took 0 seconds
Chain 1: 1000 transitions using 10 leapfrog steps per transition would take 0 seconds.
Chain 1: Adjust your expectations accordingly!
Chain 1: 
Chain 1: 
Chain 1: Iteration:     1 / 12000 [  0%]  (Warmup)
Chain 1: Iteration:  1001 / 12000 [  8%]  (Sampling)
Chain 1: Iteration:  2200 / 12000 [ 18%]  (Sampling)
Chain 1: Iteration:  3400 / 12000 [ 28%]  (Sampling)
Chain 1: Iteration:  4600 / 12000 [ 38%]  (Sampling)
Chain 1: Iteration:  5800 / 12000 [ 48%]  (Sampling)
Chain 1: Iteration:  7000 / 12000 [ 58%]  (Sampling)
Chain 1: Iteration:  8200 / 12000 [ 68%]  (Sampling)
Chain 1: Iteration:  9400 / 12000 [ 78%]  (Sampling)
Chain 1: Iteration: 10600 / 12000 [ 88%]  (Sampling)
Chain 1: Iteration: 11800 / 12000 [ 98%]  (Sampling)
Chain 1: Iteration: 12000 / 12000 [100%]  (Sampling)
Chain 1: 
Chain 1:  Elapsed Time: 32.19 seconds (Warm-up)
Chain 1:                213.17 seconds (Sampling)
Chain 1:                245.36 seconds (Total)
Chain 1: 

SAMPLING FOR MODEL 'e6afa5b426f83c31b0d3110850f92e98' NOW (CHAIN 1).
Chain 1: 
Chain 1: Gradient evaluation took 0 seconds
Chain 1: 1000 transitions using 10 leapfrog steps per transition would take 0 seconds.
Chain 1: Adjust your expectations accordingly!
Chain 1: 
Chain 1: 
Chain 1: Iteration:     1 / 12000 [  0%]  (Warmup)
Chain 1: Iteration:  1001 / 12000 [  8%]  (Sampling)
Chain 1: Iteration:  2200 / 12000 [ 18%]  (Sampling)
Chain 1: Iteration:  3400 / 12000 [ 28%]  (Sampling)
Chain 1: Iteration:  4600 / 12000 [ 38%]  (Sampling)
Chain 1: Iteration:  5800 / 12000 [ 48%]  (Sampling)
Chain 1: Iteration:  7000 / 12000 [ 58%]  (Sampling)
Chain 1: Iteration:  8200 / 12000 [ 68%]  (Sampling)
Chain 1: Iteration:  9400 / 12000 [ 78%]  (Sampling)
Chain 1: Iteration: 10600 / 12000 [ 88%]  (Sampling)
Chain 1: Iteration: 11800 / 12000 [ 98%]  (Sampling)
Chain 1: Iteration: 12000 / 12000 [100%]  (Sampling)
Chain 1: 
Chain 1:  Elapsed Time: 32.99 seconds (Warm-up)
Chain 1:                296.23 seconds (Sampling)
Chain 1:                329.22 seconds (Total)
Chain 1: 

SAMPLING FOR MODEL 'e6afa5b426f83c31b0d3110850f92e98' NOW (CHAIN 1).
Chain 1: 
Chain 1: Gradient evaluation took 0 seconds
Chain 1: 1000 transitions using 10 leapfrog steps per transition would take 0 seconds.
Chain 1: Adjust your expectations accordingly!
Chain 1: 
Chain 1: 
Chain 1: Iteration:     1 / 12000 [  0%]  (Warmup)
Chain 1: Iteration:  1001 / 12000 [  8%]  (Sampling)
Chain 1: Iteration:  2200 / 12000 [ 18%]  (Sampling)
Chain 1: Iteration:  3400 / 12000 [ 28%]  (Sampling)
Chain 1: Iteration:  4600 / 12000 [ 38%]  (Sampling)
Chain 1: Iteration:  5800 / 12000 [ 48%]  (Sampling)
Chain 1: Iteration:  7000 / 12000 [ 58%]  (Sampling)
Chain 1: Iteration:  8200 / 12000 [ 68%]  (Sampling)
Chain 1: Iteration:  9400 / 12000 [ 78%]  (Sampling)
Chain 1: Iteration: 10600 / 12000 [ 88%]  (Sampling)
Chain 1: Iteration: 11800 / 12000 [ 98%]  (Sampling)
Chain 1: Iteration: 12000 / 12000 [100%]  (Sampling)
Chain 1: 
Chain 1:  Elapsed Time: 36.28 seconds (Warm-up)
Chain 1:                237.74 seconds (Sampling)
Chain 1:                274.02 seconds (Total)
Chain 1: 

SAMPLING FOR MODEL 'e6afa5b426f83c31b0d3110850f92e98' NOW (CHAIN 1).
Chain 1: 
Chain 1: Gradient evaluation took 0 seconds
Chain 1: 1000 transitions using 10 leapfrog steps per transition would take 0 seconds.
Chain 1: Adjust your expectations accordingly!
Chain 1: 
Chain 1: 
Chain 1: Iteration:     1 / 12000 [  0%]  (Warmup)
Chain 1: Iteration:  1001 / 12000 [  8%]  (Sampling)
Chain 1: Iteration:  2200 / 12000 [ 18%]  (Sampling)
Chain 1: Iteration:  3400 / 12000 [ 28%]  (Sampling)
Chain 1: Iteration:  4600 / 12000 [ 38%]  (Sampling)
Chain 1: Iteration:  5800 / 12000 [ 48%]  (Sampling)
Chain 1: Iteration:  7000 / 12000 [ 58%]  (Sampling)
Chain 1: Iteration:  8200 / 12000 [ 68%]  (Sampling)
Chain 1: Iteration:  9400 / 12000 [ 78%]  (Sampling)
Chain 1: Iteration: 10600 / 12000 [ 88%]  (Sampling)
Chain 1: Iteration: 11800 / 12000 [ 98%]  (Sampling)
Chain 1: Iteration: 12000 / 12000 [100%]  (Sampling)
Chain 1: 
Chain 1:  Elapsed Time: 36.65 seconds (Warm-up)
Chain 1:                249.82 seconds (Sampling)
Chain 1:                286.47 seconds (Total)
Chain 1: 

SAMPLING FOR MODEL 'e6afa5b426f83c31b0d3110850f92e98' NOW (CHAIN 1).
Chain 1: 
Chain 1: Gradient evaluation took 0 seconds
Chain 1: 1000 transitions using 10 leapfrog steps per transition would take 0 seconds.
Chain 1: Adjust your expectations accordingly!
Chain 1: 
Chain 1: 
Chain 1: Iteration:     1 / 12000 [  0%]  (Warmup)
Chain 1: Iteration:  1001 / 12000 [  8%]  (Sampling)
Chain 1: Iteration:  2200 / 12000 [ 18%]  (Sampling)
Chain 1: Iteration:  3400 / 12000 [ 28%]  (Sampling)
Chain 1: Iteration:  4600 / 12000 [ 38%]  (Sampling)
Chain 1: Iteration:  5800 / 12000 [ 48%]  (Sampling)
Chain 1: Iteration:  7000 / 12000 [ 58%]  (Sampling)
Chain 1: Iteration:  8200 / 12000 [ 68%]  (Sampling)
Chain 1: Iteration:  9400 / 12000 [ 78%]  (Sampling)
Chain 1: Iteration: 10600 / 12000 [ 88%]  (Sampling)
Chain 1: Iteration: 11800 / 12000 [ 98%]  (Sampling)
Chain 1: Iteration: 12000 / 12000 [100%]  (Sampling)
Chain 1: 
Chain 1:  Elapsed Time: 35.38 seconds (Warm-up)
Chain 1:                264.91 seconds (Sampling)
Chain 1:                300.29 seconds (Total)
Chain 1: 

SAMPLING FOR MODEL 'e6afa5b426f83c31b0d3110850f92e98' NOW (CHAIN 1).
Chain 1: 
Chain 1: Gradient evaluation took 0 seconds
Chain 1: 1000 transitions using 10 leapfrog steps per transition would take 0 seconds.
Chain 1: Adjust your expectations accordingly!
Chain 1: 
Chain 1: 
Chain 1: Iteration:     1 / 12000 [  0%]  (Warmup)
Chain 1: Iteration:  1001 / 12000 [  8%]  (Sampling)
Chain 1: Iteration:  2200 / 12000 [ 18%]  (Sampling)
Chain 1: Iteration:  3400 / 12000 [ 28%]  (Sampling)
Chain 1: Iteration:  4600 / 12000 [ 38%]  (Sampling)
Chain 1: Iteration:  5800 / 12000 [ 48%]  (Sampling)
Chain 1: Iteration:  7000 / 12000 [ 58%]  (Sampling)
Chain 1: Iteration:  8200 / 12000 [ 68%]  (Sampling)
Chain 1: Iteration:  9400 / 12000 [ 78%]  (Sampling)
Chain 1: Iteration: 10600 / 12000 [ 88%]  (Sampling)
Chain 1: Iteration: 11800 / 12000 [ 98%]  (Sampling)
Chain 1: Iteration: 12000 / 12000 [100%]  (Sampling)
Chain 1: 
Chain 1:  Elapsed Time: 35.48 seconds (Warm-up)
Chain 1:                313.29 seconds (Sampling)
Chain 1:                348.77 seconds (Total)
Chain 1: 

SAMPLING FOR MODEL 'e6afa5b426f83c31b0d3110850f92e98' NOW (CHAIN 1).
Chain 1: 
Chain 1: Gradient evaluation took 0 seconds
Chain 1: 1000 transitions using 10 leapfrog steps per transition would take 0 seconds.
Chain 1: Adjust your expectations accordingly!
Chain 1: 
Chain 1: 
Chain 1: Iteration:     1 / 12000 [  0%]  (Warmup)
Chain 1: Iteration:  1001 / 12000 [  8%]  (Sampling)
Chain 1: Iteration:  2200 / 12000 [ 18%]  (Sampling)
Chain 1: Iteration:  3400 / 12000 [ 28%]  (Sampling)
Chain 1: Iteration:  4600 / 12000 [ 38%]  (Sampling)
Chain 1: Iteration:  5800 / 12000 [ 48%]  (Sampling)
Chain 1: Iteration:  7000 / 12000 [ 58%]  (Sampling)
Chain 1: Iteration:  8200 / 12000 [ 68%]  (Sampling)
Chain 1: Iteration:  9400 / 12000 [ 78%]  (Sampling)
Chain 1: Iteration: 10600 / 12000 [ 88%]  (Sampling)
Chain 1: Iteration: 11800 / 12000 [ 98%]  (Sampling)
Chain 1: Iteration: 12000 / 12000 [100%]  (Sampling)
Chain 1: 
Chain 1:  Elapsed Time: 37.76 seconds (Warm-up)
Chain 1:                221.17 seconds (Sampling)
Chain 1:                258.93 seconds (Total)
Chain 1: 

SAMPLING FOR MODEL 'e6afa5b426f83c31b0d3110850f92e98' NOW (CHAIN 1).
Chain 1: 
Chain 1: Gradient evaluation took 0 seconds
Chain 1: 1000 transitions using 10 leapfrog steps per transition would take 0 seconds.
Chain 1: Adjust your expectations accordingly!
Chain 1: 
Chain 1: 
Chain 1: Iteration:     1 / 12000 [  0%]  (Warmup)
Chain 1: Iteration:  1001 / 12000 [  8%]  (Sampling)
Chain 1: Iteration:  2200 / 12000 [ 18%]  (Sampling)
Chain 1: Iteration:  3400 / 12000 [ 28%]  (Sampling)
Chain 1: Iteration:  4600 / 12000 [ 38%]  (Sampling)
Chain 1: Iteration:  5800 / 12000 [ 48%]  (Sampling)
Chain 1: Iteration:  7000 / 12000 [ 58%]  (Sampling)
Chain 1: Iteration:  8200 / 12000 [ 68%]  (Sampling)
Chain 1: Iteration:  9400 / 12000 [ 78%]  (Sampling)
Chain 1: Iteration: 10600 / 12000 [ 88%]  (Sampling)
Chain 1: Iteration: 11800 / 12000 [ 98%]  (Sampling)
Chain 1: Iteration: 12000 / 12000 [100%]  (Sampling)
Chain 1: 
Chain 1:  Elapsed Time: 35.76 seconds (Warm-up)
Chain 1:                308.47 seconds (Sampling)
Chain 1:                344.23 seconds (Total)
Chain 1: 
> 
> # create datasets to contrast
> countries = unique(idat$ctry)
> years = c(1950)
> cyears = list(c("1950", "1950-1969"))
> dyears = list(c("1950", "1950+"))
> 
> datasets = list()
> for (i in 1:nimputations) {
+     datasets[[i]] = createComparisonData(timps[[i]], countries, 
+     years, cyears, dyears)
+ }
> 
> # countries with values before and after 1950
> countries = unique(datasets[[1]]$ctry)
> model_replicates = list(m1, m2, m3, m4, m5, m6)
> rm(m1, m2, m3, m4, m5, m6)
> 
> # saveRDS(model_replicates, "output/models/model_replicates_error.rds")
> slackr::slackr_msg(txt = paste0("LE no error replicates: ", Sys.time()))
> 
> # compute shifts
> shifts = createShifts(model_replicates, datasets, countries = countries, 
+     nsamples = 10000) 
[1] "::::::::: replicate 1 :::::::::"
[1] "::::::::: model 1 :::::::::"
[1] "::::::::: model 2 :::::::::"
[1] "::::::::: model 3 :::::::::"
